<?xml version="1.0" encoding="UTF-8"?>
<!-- Generated by org.testng.reporters.JUnitReportReporter -->
<testsuite hostname="jayapal" failures="0" tests="1" name="test.Login_test" time="2.644" errors="0" timestamp="2022-12-17T13:13:48 IST" skipped="0">
  <testcase classname="test.Login_test" name="verifylogin" time="2.644"/>
  <system-out/>
</testsuite> <!-- test.Login_test -->
