<?xml version="1.0" encoding="UTF-8"?>
<!-- Generated by org.testng.reporters.JUnitReportReporter -->
<testsuite hostname="jayapal" failures="0" tests="1" name="test.Book1" time="4.067" errors="0" timestamp="2022-12-17T17:06:57 IST" skipped="0">
  <testcase classname="test.Book1" name="verifymultipledrops" time="4.067"/>
  <system-out/>
</testsuite> <!-- test.Book1 -->
